-------------------
CSE247 Robot tester starts testing hash on 2018-11-30 00:38:02 -0600

========
Testing in ./GradingRepos/repos/cse247-f18-students-bozhaoli: hash as of 2018-11-03 00:05
========
Now in: /Users/puneetsachdeva/CSE247/cse247-support/GradingRepos/repos/cse247-f18-students-bozhaoli
Your branch is up to date with 'origin/master'.
HEAD is now at 6e8d2ed Merge remote-tracking branch 'upstream/master'
No local changes to save

Updating 6e8d2ed..949d731
Fast-forward
 RoboGrade/hash-test.TestStringTable.txt        | 1016 ++++++++++++++++++++++++
 labs/avl/AVLTree.java                          |  149 +++-
 labs/avl/validate/BSTValidator.java            |   78 +-
 labs/spath/ShortestPaths.java                  |  141 ++++
 labs/spath/VertexAndDist.java                  |   43 +
 labs/spath/graphs/DirectedGraph.java           |   54 ++
 labs/spath/graphs/Edge.java                    |   22 +
 labs/spath/graphs/Vertex.java                  |   60 ++
 labs/spath/testing/GraphGenerator.java         |  290 +++++++
 labs/spath/testing/GraphViz.java               |  277 +++++++
 labs/spath/testing/TestShortestPath.java       |   76 ++
 labs/spath/testing/TestShortestPathSilent.java |   59 ++
 studiowriteups/studio10.txt                    |    2 +-
 studiowriteups/studio11.txt                    |   53 ++
 studiowriteups/studio13.txt                    |   52 ++
 15 files changed, 2327 insertions(+), 45 deletions(-)
 create mode 100644 RoboGrade/hash-test.TestStringTable.txt
 create mode 100644 labs/spath/ShortestPaths.java
 create mode 100644 labs/spath/VertexAndDist.java
 create mode 100644 labs/spath/graphs/DirectedGraph.java
 create mode 100644 labs/spath/graphs/Edge.java
 create mode 100644 labs/spath/graphs/Vertex.java
 create mode 100644 labs/spath/testing/GraphGenerator.java
 create mode 100644 labs/spath/testing/GraphViz.java
 create mode 100644 labs/spath/testing/TestShortestPath.java
 create mode 100644 labs/spath/testing/TestShortestPathSilent.java
 create mode 100644 studiowriteups/studio11.txt
 create mode 100644 studiowriteups/studio13.txt
Going back in time to: 2018-11-03 00:05
At hash af0acb30209a9d1972f0d721a08754a62c1df325

Buildfile: /Users/puneetsachdeva/CSE247/cse247-support/build.xml

copytest:
     [echo] would copy from /Users/puneetsachdeva/CSE247/cse247-f18-students key bozhaoli testfilesource test/TestStringTable package hash repo ./GradingRepos/repos/cse247-f18-students-bozhaoli
     [copy] Copying 1 file to /Users/puneetsachdeva/CSE247/cse247-support/GradingRepos/repos/cse247-f18-students-bozhaoli/labs/hash/test

BUILD SUCCESSFUL
Total time: 0 seconds
Compiling the code
Buildfile: /Users/puneetsachdeva/CSE247/cse247-support/build.xml

compile:
     [echo] Compiling hash/Record
    [mkdir] Created dir: /Users/puneetsachdeva/CSE247/cse247-support/GradingRepos/repos/cse247-f18-students-bozhaoli/bin
    [javac] Compiling 1 source file to /Users/puneetsachdeva/CSE247/cse247-support/GradingRepos/repos/cse247-f18-students-bozhaoli/bin

BUILD SUCCESSFUL
Total time: 0 seconds
Buildfile: /Users/puneetsachdeva/CSE247/cse247-support/build.xml

compile:
     [echo] Compiling hash/StringTable
    [javac] Compiling 1 source file to /Users/puneetsachdeva/CSE247/cse247-support/GradingRepos/repos/cse247-f18-students-bozhaoli/bin

BUILD SUCCESSFUL
Total time: 0 seconds
Buildfile: /Users/puneetsachdeva/CSE247/cse247-support/build.xml

compile:
     [echo] Compiling hash/test/TestStringTable
    [javac] Compiling 1 source file to /Users/puneetsachdeva/CSE247/cse247-support/GradingRepos/repos/cse247-f18-students-bozhaoli/bin
    [javac] Note: /Users/puneetsachdeva/CSE247/cse247-support/GradingRepos/repos/cse247-f18-students-bozhaoli/labs/hash/Main.java uses or overrides a deprecated API.
    [javac] Note: Recompile with -Xlint:deprecation for details.

BUILD SUCCESSFUL
Total time: 0 seconds
Running test test.TestStringTable
Buildfile: /Users/puneetsachdeva/CSE247/cse247-support/build.xml

test:
    [junit] Running hash.test.TestStringTable
    [junit] Testsuite: hash.test.TestStringTable
    [junit] Testing DNA test case 1
    [junit] Observed output for case1 matches expected output!
    [junit] 
    [junit] Testing DNA test case 2
    [junit] Observed output for case2 matches expected output!
    [junit] 
    [junit] Testing DNA test case 3
    [junit] Observed output for case3 matches expected output!
    [junit] 
    [junit] Testing DNA test case 4
    [junit] Testsuite: hash.test.TestStringTable
    [junit] Tests run: 1, Failures: 0, Errors: 1, Skipped: 0, Time elapsed: 0 sec
    [junit] 
    [junit] Testcase: testDNA4 took 0.002 sec
    [junit] 	Caused an ERROR
    [junit] Timeout occurred. Please note the time in the report does not reflect the time until the timeout.
    [junit] junit.framework.AssertionFailedError: Timeout occurred. Please note the time in the report does not reflect the time until the timeout.
    [junit] 	at java.base/jdk.internal.reflect.NativeMethodAccessorImpl.invoke0(Native Method)
    [junit] 	at java.base/jdk.internal.reflect.NativeMethodAccessorImpl.invoke(NativeMethodAccessorImpl.java:62)
    [junit] 	at java.base/jdk.internal.reflect.DelegatingMethodAccessorImpl.invoke(DelegatingMethodAccessorImpl.java:43)
    [junit] 
    [junit] Running hash.test.TestStringTable
    [junit] Tests run: 1, Failures: 0, Errors: 1, Skipped: 0, Time elapsed: 0 sec

BUILD FAILED
/Users/puneetsachdeva/CSE247/cse247-support/build.xml:34: Test hash.test.TestStringTable failed (timeout)

Total time: 10 seconds
========
Testing in ./GradingRepos/repos/cse247-f18-students-bozhaoli: hash as of 2018-11-10 00:05
========
Now in: /Users/puneetsachdeva/CSE247/cse247-support/GradingRepos/repos/cse247-f18-students-bozhaoli
Your branch is up to date with 'origin/master'.
HEAD is now at 949d731 Merge remote-tracking branch 'upstream/master'
No local changes to save

Already up to date.
Going back in time to: 2018-11-10 00:05
At hash cdbaf0b3b14a0576a9fd47cd2db4f503e021c9b2

Buildfile: /Users/puneetsachdeva/CSE247/cse247-support/build.xml

copytest:
     [echo] would copy from /Users/puneetsachdeva/CSE247/cse247-f18-students key bozhaoli testfilesource test/TestStringTable package hash repo ./GradingRepos/repos/cse247-f18-students-bozhaoli
     [copy] Copying 1 file to /Users/puneetsachdeva/CSE247/cse247-support/GradingRepos/repos/cse247-f18-students-bozhaoli/labs/hash/test

BUILD SUCCESSFUL
Total time: 0 seconds
Compiling the code
Buildfile: /Users/puneetsachdeva/CSE247/cse247-support/build.xml

compile:
     [echo] Compiling hash/Record
    [mkdir] Created dir: /Users/puneetsachdeva/CSE247/cse247-support/GradingRepos/repos/cse247-f18-students-bozhaoli/bin
    [javac] Compiling 1 source file to /Users/puneetsachdeva/CSE247/cse247-support/GradingRepos/repos/cse247-f18-students-bozhaoli/bin

BUILD SUCCESSFUL
Total time: 0 seconds
Buildfile: /Users/puneetsachdeva/CSE247/cse247-support/build.xml

compile:
     [echo] Compiling hash/StringTable
    [javac] Compiling 1 source file to /Users/puneetsachdeva/CSE247/cse247-support/GradingRepos/repos/cse247-f18-students-bozhaoli/bin

BUILD SUCCESSFUL
Total time: 0 seconds
Buildfile: /Users/puneetsachdeva/CSE247/cse247-support/build.xml

compile:
     [echo] Compiling hash/test/TestStringTable
    [javac] Compiling 1 source file to /Users/puneetsachdeva/CSE247/cse247-support/GradingRepos/repos/cse247-f18-students-bozhaoli/bin
    [javac] Note: /Users/puneetsachdeva/CSE247/cse247-support/GradingRepos/repos/cse247-f18-students-bozhaoli/labs/hash/Main.java uses or overrides a deprecated API.
    [javac] Note: Recompile with -Xlint:deprecation for details.

BUILD SUCCESSFUL
Total time: 0 seconds
Running test test.TestStringTable
Buildfile: /Users/puneetsachdeva/CSE247/cse247-support/build.xml

test:
    [junit] Running hash.test.TestStringTable
    [junit] Testsuite: hash.test.TestStringTable
    [junit] Testing DNA test case 1
    [junit] The output files do not match starting at line 5 
    [junit] 	observed: Error (insert): hash table is full! 
    [junit] 	expected: 9 2 tacc
    [junit] Testing DNA test case 2
    [junit] The output files do not match starting at line 5 
    [junit] 	observed: Error (insert): hash table is full! 
    [junit] 	expected: 150 154 gtctagttgcagtagt
    [junit] Testing DNA test case 3
    [junit] The output files do not match starting at line 4 
    [junit] 	observed: Error (insert): hash table is full! 
    [junit] 	expected: 721 10523 attacaggcgtgagccac
    [junit] Testing DNA test case 4
    [junit] The output files do not match starting at line 5 
    [junit] 	observed: Error (insert): hash table is full! 
    [junit] 	expected: 56749 53342 ctgcggcgggattgcctgtcacggggagcccgcgaagttttacggatacgataacttacagagacagccgatttttacgacccagcaagaggccgagctggtacaatatcctgactgtaaatcgtccagtggtaatattggcgaggacccagaccacttaaatcagagctcgtctccttc
    [junit] Tests run: 8, Failures: 7, Errors: 0, Skipped: 0, Time elapsed: 3.274 sec
    [junit] Output:
    [junit] Testing DNA test case 1
    [junit] The output files do not match starting at line 5 
    [junit] 	observed: Error (insert): hash table is full! 
    [junit] 	expected: 9 2 tacc
    [junit] Testing DNA test case 2
    [junit] The output files do not match starting at line 5 
    [junit] 	observed: Error (insert): hash table is full! 
    [junit] 	expected: 150 154 gtctagttgcagtagt
    [junit] Testing DNA test case 3
    [junit] The output files do not match starting at line 4 
    [junit] 	observed: Error (insert): hash table is full! 
    [junit] 	expected: 721 10523 attacaggcgtgagccac
    [junit] Testing DNA test case 4
    [junit] The output files do not match starting at line 5 
    [junit] 	observed: Error (insert): hash table is full! 
    [junit] 	expected: 56749 53342 ctgcggcgggattgcctgtcacggggagcccgcgaagttttacggatacgataacttacagagacagccgatttttacgacccagcaagaggccgagctggtacaatatcctgactgtaaatcgtccagtggtaatattggcgaggacccagaccacttaaatcagagctcgtctccttc
    [junit] 
    [junit] Tests run: 8, Failures: 7, Errors: 0, Skipped: 0, Time elapsed: 3.274 sec
    [junit] ------------- Standard Output ---------------
    [junit] Testing DNA test case 1
    [junit] The output files do not match starting at line 5 
    [junit] 	observed: Error (insert): hash table is full! 
    [junit] 	expected: 9 2 tacc
    [junit] Testing DNA test case 2
    [junit] The output files do not match starting at line 5 
    [junit] 	observed: Error (insert): hash table is full! 
    [junit] 	expected: 150 154 gtctagttgcagtagt
    [junit] Testing DNA test case 3
    [junit] The output files do not match starting at line 4 
    [junit] 	observed: Error (insert): hash table is full! 
    [junit] 	expected: 721 10523 attacaggcgtgagccac
    [junit] Testing DNA test case 4
    [junit] The output files do not match starting at line 5 
    [junit] 	observed: Error (insert): hash table is full! 
    [junit] 	expected: 56749 53342 ctgcggcgggattgcctgtcacggggagcccgcgaagttttacggatacgataacttacagagacagccgatttttacgacccagcaagaggccgagctggtacaatatcctgactgtaaatcgtccagtggtaatattggcgaggacccagaccacttaaatcagagctcgtctccttc
    [junit] ------------- ---------------- ---------------
    [junit] 
    [junit] Testcase: testDNA1 took 0.051 sec
    [junit] 	FAILED
    [junit] The observed output for case1 differs from the expected output.
    [junit] junit.framework.AssertionFailedError: The observed output for case1 differs from the expected output.
    [junit] 	at hash.test.TestStringTable.testWithDNA(TestStringTable.java:213)
    [junit] 	at hash.test.TestStringTable.testDNA1(TestStringTable.java:168)
    [junit] 	at java.base/jdk.internal.reflect.NativeMethodAccessorImpl.invoke0(Native Method)
    [junit] 	at java.base/jdk.internal.reflect.NativeMethodAccessorImpl.invoke(NativeMethodAccessorImpl.java:62)
    [junit] 	at java.base/jdk.internal.reflect.DelegatingMethodAccessorImpl.invoke(DelegatingMethodAccessorImpl.java:43)
    [junit] 
    [junit] Testcase: testDNA2 took 0.031 sec
    [junit] 	FAILED
    [junit] The observed output for case2 differs from the expected output.
    [junit] junit.framework.AssertionFailedError: The observed output for case2 differs from the expected output.
    [junit] 	at hash.test.TestStringTable.testWithDNA(TestStringTable.java:213)
    [junit] 	at hash.test.TestStringTable.testDNA2(TestStringTable.java:174)
    [junit] 	at java.base/jdk.internal.reflect.NativeMethodAccessorImpl.invoke0(Native Method)
    [junit] 	at java.base/jdk.internal.reflect.NativeMethodAccessorImpl.invoke(NativeMethodAccessorImpl.java:62)
    [junit] 	at java.base/jdk.internal.reflect.DelegatingMethodAccessorImpl.invoke(DelegatingMethodAccessorImpl.java:43)
    [junit] 
    [junit] Testcase: testDNA3 took 1.607 sec
    [junit] 	FAILED
    [junit] The observed output for case3 differs from the expected output.
    [junit] junit.framework.AssertionFailedError: The observed output for case3 differs from the expected output.
    [junit] 	at hash.test.TestStringTable.testWithDNA(TestStringTable.java:213)
    [junit] 	at hash.test.TestStringTable.testDNA3(TestStringTable.java:180)
    [junit] 	at java.base/jdk.internal.reflect.NativeMethodAccessorImpl.invoke0(Native Method)
    [junit] 	at java.base/jdk.internal.reflect.NativeMethodAccessorImpl.invoke(NativeMethodAccessorImpl.java:62)
    [junit] 	at java.base/jdk.internal.reflect.DelegatingMethodAccessorImpl.invoke(DelegatingMethodAccessorImpl.java:43)
    [junit] 
    [junit] Testcase: testDNA4 took 1.548 sec
    [junit] 	FAILED
    [junit] The observed output for case4 differs from the expected output.
    [junit] junit.framework.AssertionFailedError: The observed output for case4 differs from the expected output.
    [junit] 	at hash.test.TestStringTable.testWithDNA(TestStringTable.java:213)
    [junit] 	at hash.test.TestStringTable.testDNA4(TestStringTable.java:186)
    [junit] 	at java.base/jdk.internal.reflect.NativeMethodAccessorImpl.invoke0(Native Method)
    [junit] 	at java.base/jdk.internal.reflect.NativeMethodAccessorImpl.invoke(NativeMethodAccessorImpl.java:62)
    [junit] 	at java.base/jdk.internal.reflect.DelegatingMethodAccessorImpl.invoke(DelegatingMethodAccessorImpl.java:43)
    [junit] 
    [junit] Testcase: testFind took 0.005 sec
    [junit] 	FAILED
    [junit] Could not find previously inserted record with stringabcdefg
    [junit] junit.framework.AssertionFailedError: Could not find previously inserted record with stringabcdefg
    [junit] 	at hash.test.TestStringTable.testFind(TestStringTable.java:91)
    [junit] 	at java.base/jdk.internal.reflect.NativeMethodAccessorImpl.invoke0(Native Method)
    [junit] 	at java.base/jdk.internal.reflect.NativeMethodAccessorImpl.invoke(NativeMethodAccessorImpl.java:62)
    [junit] 	at java.base/jdk.internal.reflect.DelegatingMethodAccessorImpl.invoke(DelegatingMethodAccessorImpl.java:43)
    [junit] 
    [junit] Testcase: testInit took 0 sec
    [junit] Testcase: testDelete took 0 sec
    [junit] 	FAILED
    [junit] Table size after deletions should be 8 expected:<0> but was:<8>
    [junit] junit.framework.AssertionFailedError: Table size after deletions should be 8 expected:<0> but was:<8>
    [junit] 	at hash.test.TestStringTable.testDelete(TestStringTable.java:131)
    [junit] 	at java.base/jdk.internal.reflect.NativeMethodAccessorImpl.invoke0(Native Method)
    [junit] 	at java.base/jdk.internal.reflect.NativeMethodAccessorImpl.invoke(NativeMethodAccessorImpl.java:62)
    [junit] 	at java.base/jdk.internal.reflect.DelegatingMethodAccessorImpl.invoke(DelegatingMethodAccessorImpl.java:43)
    [junit] 
    [junit] Testcase: testInsert took 0.004 sec
    [junit] 	FAILED
    [junit] Could not insert record with key abcdefg into table
    [junit] junit.framework.AssertionFailedError: Could not insert record with key abcdefg into table
    [junit] 	at hash.test.TestStringTable.testInsert(TestStringTable.java:58)
    [junit] 	at java.base/jdk.internal.reflect.NativeMethodAccessorImpl.invoke0(Native Method)
    [junit] 	at java.base/jdk.internal.reflect.NativeMethodAccessorImpl.invoke(NativeMethodAccessorImpl.java:62)
    [junit] 	at java.base/jdk.internal.reflect.DelegatingMethodAccessorImpl.invoke(DelegatingMethodAccessorImpl.java:43)
    [junit] 

BUILD FAILED
/Users/puneetsachdeva/CSE247/cse247-support/build.xml:34: Test hash.test.TestStringTable failed

Total time: 3 seconds
================
Lab is not counted -- failed unit tests
================

CSE247 Robot tester ends testing hash on 2018-11-30 00:38:34 -0600
-------------------
